This is pdfTeX, Version 3.14159265-2.6-1.40.20 (TeX Live 2019) (preloaded format=pdflatex 2019.8.27)  28 AUG 2019 10:49
entering extended mode
 restricted \write18 enabled.
 %&-line parsing enabled.
**BinTree.lhs
(./BinTree.lhs
LaTeX2e <2018-12-01>
! Undefined control sequence.
l.1 \lstnewenvironment
                      {code}{\lstset{language=Haskell,basicstyle=\small}}{}
? 
! Emergency stop.
l.1 \lstnewenvironment
                      {code}{\lstset{language=Haskell,basicstyle=\small}}{}
End of file on the terminal!

 
Here is how much of TeX's memory you used:
 6 strings out of 494053
 131 string characters out of 6164918
 53445 words of memory out of 5000000
 3817 multiletter control sequences out of 15000+600000
 3640 words of font info for 14 fonts, out of 8000000 for 9000
 319 hyphenation exceptions out of 8191
 5i,0n,1p,85b,8s stack positions out of 5000i,500n,10000p,200000b,80000s
!  ==> Fatal error occurred, no output PDF file produced!
