This is pdfTeX, Version 3.14159265-2.6-1.40.20 (TeX Live 2019) (preloaded format=pdflatex 2019.7.16)  27 AUG 2019 17:21
entering extended mode
 restricted \write18 enabled.
 %&-line parsing enabled.
**doc.tex
(./doc.tex
LaTeX2e <2018-12-01>
(/opt/texlive/2019/texmf-dist/tex/latex/base/article.cls
Document Class: article 2018/09/03 v1.4i Standard LaTeX document class
(/opt/texlive/2019/texmf-dist/tex/latex/base/size10.clo
File: size10.clo 2018/09/03 v1.4i Standard LaTeX file (size option)
)
\c@part=\count80
\c@section=\count81
\c@subsection=\count82
\c@subsubsection=\count83
\c@paragraph=\count84
\c@subparagraph=\count85
\c@figure=\count86
\c@table=\count87
\abovecaptionskip=\skip41
\belowcaptionskip=\skip42
\bibindent=\dimen102
)
(/opt/texlive/2019/texmf-dist/tex/latex/base/inputenc.sty
Package: inputenc 2018/08/11 v1.3c Input encoding file
\inpenc@prehook=\toks14
\inpenc@posthook=\toks15
)
(/opt/texlive/2019/texmf-dist/tex/latex/amsfonts/amssymb.sty
Package: amssymb 2013/01/14 v3.01 AMS font symbols

(/opt/texlive/2019/texmf-dist/tex/latex/amsfonts/amsfonts.sty
Package: amsfonts 2013/01/14 v3.01 Basic AMSFonts support
\@emptytoks=\toks16
\symAMSa=\mathgroup4
\symAMSb=\mathgroup5
LaTeX Font Info:    Overwriting math alphabet `\mathfrak' in version `bold'
(Font)                  U/euf/m/n --> U/euf/b/n on input line 106.
)) (./doc.aux)
\openout1 = `doc.aux'.

LaTeX Font Info:    Checking defaults for OML/cmm/m/it on input line 31.
LaTeX Font Info:    ... okay on input line 31.
LaTeX Font Info:    Checking defaults for T1/cmr/m/n on input line 31.
LaTeX Font Info:    ... okay on input line 31.
LaTeX Font Info:    Checking defaults for OT1/cmr/m/n on input line 31.
LaTeX Font Info:    ... okay on input line 31.
LaTeX Font Info:    Checking defaults for OMS/cmsy/m/n on input line 31.
LaTeX Font Info:    ... okay on input line 31.
LaTeX Font Info:    Checking defaults for OMX/cmex/m/n on input line 31.
LaTeX Font Info:    ... okay on input line 31.
LaTeX Font Info:    Checking defaults for U/cmr/m/n on input line 31.
LaTeX Font Info:    ... okay on input line 31.
LaTeX Font Info:    Try loading font information for U+msa on input line 33.

(/opt/texlive/2019/texmf-dist/tex/latex/amsfonts/umsa.fd
File: umsa.fd 2013/01/14 v3.01 AMS symbols A
)
LaTeX Font Info:    Try loading font information for U+msb on input line 33.

(/opt/texlive/2019/texmf-dist/tex/latex/amsfonts/umsb.fd
File: umsb.fd 2013/01/14 v3.01 AMS symbols B
)
Overfull \hbox (5.15347pt too wide) in paragraph at lines 33--33
 [][] 
 []

LaTeX Font Info:    Try loading font information for OMS+cmr on input line 47.
(/opt/texlive/2019/texmf-dist/tex/latex/base/omscmr.fd
File: omscmr.fd 2014/09/29 v2.5h Standard LaTeX font definitions
)
LaTeX Font Info:    Font shape `OMS/cmr/m/n' in size <10> not available
(Font)              Font shape `OMS/cmsy/m/n' tried instead on input line 47.
 [1

{/opt/texlive/2019/texmf-var/fonts/map/pdftex/updmap/pdftex.map}] [2] [3] [4] [
5] (./doc.aux) ) 
Here is how much of TeX's memory you used:
 588 strings out of 494053
 6553 string characters out of 6164918
 63040 words of memory out of 5000000
 4344 multiletter control sequences out of 15000+600000
 12468 words of font info for 48 fonts, out of 8000000 for 9000
 319 hyphenation exceptions out of 8191
 25i,6n,27p,432b,199s stack positions out of 5000i,500n,10000p,200000b,80000s
</opt/texlive/2019/texmf-dist/fonts/type1/public/amsfonts/cm/cm
bx10.pfb></opt/texlive/2019/texmf-dist/fonts/type1/public/amsfonts/cm/cmbx12.pf
b></opt/texlive/2019/texmf-dist/fonts/type1/public/amsfonts/cm/cmbx7.pfb></opt/
texlive/2019/texmf-dist/fonts/type1/public/amsfonts/cm/cmex10.pfb></opt/texlive
/2019/texmf-dist/fonts/type1/public/amsfonts/cm/cmmi10.pfb></opt/texlive/2019/t
exmf-dist/fonts/type1/public/amsfonts/cm/cmmi7.pfb></opt/texlive/2019/texmf-dis
t/fonts/type1/public/amsfonts/cm/cmr10.pfb></opt/texlive/2019/texmf-dist/fonts/
type1/public/amsfonts/cm/cmr12.pfb></opt/texlive/2019/texmf-dist/fonts/type1/pu
blic/amsfonts/cm/cmr17.pfb></opt/texlive/2019/texmf-dist/fonts/type1/public/ams
fonts/cm/cmr7.pfb></opt/texlive/2019/texmf-dist/fonts/type1/public/amsfonts/cm/
cmsy10.pfb></opt/texlive/2019/texmf-dist/fonts/type1/public/amsfonts/cm/cmsy7.p
fb></opt/texlive/2019/texmf-dist/fonts/type1/public/amsfonts/cm/cmti10.pfb></op
t/texlive/2019/texmf-dist/fonts/type1/public/amsfonts/symbols/msbm7.pfb>
Output written on doc.pdf (5 pages, 151544 bytes).
PDF statistics:
 76 PDF objects out of 1000 (max. 8388607)
 54 compressed objects within 1 object stream
 0 named destinations out of 1000 (max. 500000)
 1 words of extra memory for PDF output out of 10000 (max. 10000000)

